<?xml version="1.0" encoding="UTF-8"?>
<testng-results skipped="0" failed="0" ignored="0" total="0" passed="0">
  <reporter-output>
  </reporter-output>
  <suite name="Default suite" duration-ms="7501" started-at="2022-03-02T07:53:35Z" finished-at="2022-03-02T07:53:42Z">
    <groups>
    </groups>
    <test name="Default test" duration-ms="7501" started-at="2022-03-02T07:53:35Z" finished-at="2022-03-02T07:53:42Z">
      <class name="day5.TestngExercise2">
        <test-method status="PASS" signature="before()[pri:0, instance:day5.TestngExercise2@d4004b]" name="before" is-config="true" duration-ms="7490" started-at="2022-03-02T07:53:35Z" finished-at="2022-03-02T07:53:42Z">
          <reporter-output>
          </reporter-output>
        </test-method> <!-- before -->
      </class> <!-- day5.TestngExercise2 -->
    </test> <!-- Default test -->
  </suite> <!-- Default suite -->
</testng-results>
